Iteration: 	1 / 100
Confirmed: 	0
Tentative: 	5000
Rejected: 	0
Iteration: 	2 / 100
Confirmed: 	0
Tentative: 	5000
Rejected: 	0
Iteration: 	3 / 100
Confirmed: 	0
Tentative: 	5000
Rejected: 	0
Iteration: 	4 / 100
Confirmed: 	0
Tentative: 	5000
Rejected: 	0
Iteration: 	5 / 100
Confirmed: 	0
Tentative: 	5000
Rejected: 	0
Iteration: 	6 / 100
Confirmed: 	0
Tentative: 	5000
Rejected: 	0
Iteration: 	7 / 100
Confirmed: 	0
Tentative: 	5000
Rejected: 	0
Iteration: 	8 / 100
Confirmed: 	0
Tentative: 	1193
Rejected: 	3807
Iteration: 	9 / 100
Confirmed: 	139
Tentative: 	1054
Rejected: 	3807
Iteration: 	10 / 100
Confirmed: 	139
Tentative: 	1054
Rejected: 	3807
Iteration: 	11 / 100
Confirmed: 	139
Tentative: 	1054
Rejected: 	3807
Iteration: 	12 / 100
Confirmed: 	164
Tentative: 	700
Rejected: 	4136
Iteration: 	13 / 100
Confirmed: 	164
Tentative: 	700
Rejected: 	4136
Iteration: 	14 / 100
Confirmed: 	164
Tentative: 	700
Rejected: 	4136
Iteration: 	15 / 100
Confirmed: 	164
Tentative: 	700
Rejected: 	4136
Iteration: 	16 / 100
Confirmed: 	170
Tentative: 	566
Rejected: 	4264
Iteration: 	17 / 100
Confirmed: 	170
Tentative: 	566
Rejected: 	4264
Iteration: 	18 / 100
Confirmed: 	170
Tentative: 	566
Rejected: 	4264
Iteration: 	19 / 100
Confirmed: 	174
Tentative: 	477
Rejected: 	4349
Iteration: 	20 / 100
Confirmed: 	174
Tentative: 	477
Rejected: 	4349
Iteration: 	21 / 100
Confirmed: 	174
Tentative: 	477
Rejected: 	4349
Iteration: 	22 / 100
Confirmed: 	174
Tentative: 	408
Rejected: 	4418
Iteration: 	23 / 100
Confirmed: 	174
Tentative: 	408
Rejected: 	4418
Iteration: 	24 / 100
Confirmed: 	174
Tentative: 	408
Rejected: 	4418
Iteration: 	25 / 100
Confirmed: 	174
Tentative: 	408
Rejected: 	4418
Iteration: 	26 / 100
Confirmed: 	174
Tentative: 	378
Rejected: 	4448
Iteration: 	27 / 100
Confirmed: 	174
Tentative: 	378
Rejected: 	4448
Iteration: 	28 / 100
Confirmed: 	174
Tentative: 	378
Rejected: 	4448
Iteration: 	29 / 100
Confirmed: 	175
Tentative: 	348
Rejected: 	4477
Iteration: 	30 / 100
Confirmed: 	175
Tentative: 	348
Rejected: 	4477
Iteration: 	31 / 100
Confirmed: 	175
Tentative: 	348
Rejected: 	4477
Iteration: 	32 / 100
Confirmed: 	176
Tentative: 	327
Rejected: 	4497
Iteration: 	33 / 100
Confirmed: 	176
Tentative: 	327
Rejected: 	4497
Iteration: 	34 / 100
Confirmed: 	177
Tentative: 	303
Rejected: 	4520
Iteration: 	35 / 100
Confirmed: 	177
Tentative: 	303
Rejected: 	4520
Iteration: 	36 / 100
Confirmed: 	177
Tentative: 	303
Rejected: 	4520
Iteration: 	37 / 100
Confirmed: 	178
Tentative: 	293
Rejected: 	4529
Iteration: 	38 / 100
Confirmed: 	178
Tentative: 	293
Rejected: 	4529
Iteration: 	39 / 100
Confirmed: 	178
Tentative: 	293
Rejected: 	4529
Iteration: 	40 / 100
Confirmed: 	178
Tentative: 	278
Rejected: 	4544
Iteration: 	41 / 100
Confirmed: 	178
Tentative: 	278
Rejected: 	4544
Iteration: 	42 / 100
Confirmed: 	178
Tentative: 	278
Rejected: 	4544
Iteration: 	43 / 100
Confirmed: 	179
Tentative: 	257
Rejected: 	4564
Iteration: 	44 / 100
Confirmed: 	179
Tentative: 	257
Rejected: 	4564
Iteration: 	45 / 100
Confirmed: 	179
Tentative: 	257
Rejected: 	4564
Iteration: 	46 / 100
Confirmed: 	179
Tentative: 	243
Rejected: 	4578
Iteration: 	47 / 100
Confirmed: 	179
Tentative: 	243
Rejected: 	4578
Iteration: 	48 / 100
Confirmed: 	179
Tentative: 	243
Rejected: 	4578
Iteration: 	49 / 100
Confirmed: 	179
Tentative: 	230
Rejected: 	4591
Iteration: 	50 / 100
Confirmed: 	179
Tentative: 	230
Rejected: 	4591
Iteration: 	51 / 100
Confirmed: 	180
Tentative: 	214
Rejected: 	4606
Iteration: 	52 / 100
Confirmed: 	180
Tentative: 	214
Rejected: 	4606
Iteration: 	53 / 100
Confirmed: 	180
Tentative: 	214
Rejected: 	4606
Iteration: 	54 / 100
Confirmed: 	180
Tentative: 	208
Rejected: 	4612
Iteration: 	55 / 100
Confirmed: 	180
Tentative: 	208
Rejected: 	4612
Iteration: 	56 / 100
Confirmed: 	180
Tentative: 	208
Rejected: 	4612
Iteration: 	57 / 100
Confirmed: 	180
Tentative: 	206
Rejected: 	4614
Iteration: 	58 / 100
Confirmed: 	180
Tentative: 	206
Rejected: 	4614
Iteration: 	59 / 100
Confirmed: 	180
Tentative: 	196
Rejected: 	4624
Iteration: 	60 / 100
Confirmed: 	180
Tentative: 	196
Rejected: 	4624
Iteration: 	61 / 100
Confirmed: 	180
Tentative: 	196
Rejected: 	4624
Iteration: 	62 / 100
Confirmed: 	180
Tentative: 	189
Rejected: 	4631
Iteration: 	63 / 100
Confirmed: 	180
Tentative: 	189
Rejected: 	4631
Iteration: 	64 / 100
Confirmed: 	180
Tentative: 	189
Rejected: 	4631
Iteration: 	65 / 100
Confirmed: 	180
Tentative: 	184
Rejected: 	4636
Iteration: 	66 / 100
Confirmed: 	180
Tentative: 	184
Rejected: 	4636
Iteration: 	67 / 100
Confirmed: 	182
Tentative: 	175
Rejected: 	4643
Iteration: 	68 / 100
Confirmed: 	182
Tentative: 	175
Rejected: 	4643
Iteration: 	69 / 100
Confirmed: 	182
Tentative: 	175
Rejected: 	4643
Iteration: 	70 / 100
Confirmed: 	182
Tentative: 	169
Rejected: 	4649
Iteration: 	71 / 100
Confirmed: 	182
Tentative: 	169
Rejected: 	4649
Iteration: 	72 / 100
Confirmed: 	182
Tentative: 	159
Rejected: 	4659
Iteration: 	73 / 100
Confirmed: 	182
Tentative: 	159
Rejected: 	4659
Iteration: 	74 / 100
Confirmed: 	182
Tentative: 	159
Rejected: 	4659
Iteration: 	75 / 100
Confirmed: 	183
Tentative: 	154
Rejected: 	4663
Iteration: 	76 / 100
Confirmed: 	183
Tentative: 	154
Rejected: 	4663
Iteration: 	77 / 100
Confirmed: 	183
Tentative: 	150
Rejected: 	4667
Iteration: 	78 / 100
Confirmed: 	183
Tentative: 	150
Rejected: 	4667
Iteration: 	79 / 100
Confirmed: 	183
Tentative: 	150
Rejected: 	4667
Iteration: 	80 / 100
Confirmed: 	183
Tentative: 	145
Rejected: 	4672
Iteration: 	81 / 100
Confirmed: 	183
Tentative: 	145
Rejected: 	4672
Iteration: 	82 / 100
Confirmed: 	183
Tentative: 	145
Rejected: 	4672
Iteration: 	83 / 100
Confirmed: 	183
Tentative: 	139
Rejected: 	4678
Iteration: 	84 / 100
Confirmed: 	183
Tentative: 	139
Rejected: 	4678
Iteration: 	85 / 100
Confirmed: 	183
Tentative: 	137
Rejected: 	4680
Iteration: 	86 / 100
Confirmed: 	183
Tentative: 	137
Rejected: 	4680
Iteration: 	87 / 100
Confirmed: 	183
Tentative: 	137
Rejected: 	4680
Iteration: 	88 / 100
Confirmed: 	183
Tentative: 	134
Rejected: 	4683
Iteration: 	89 / 100
Confirmed: 	183
Tentative: 	134
Rejected: 	4683
Iteration: 	90 / 100
Confirmed: 	183
Tentative: 	131
Rejected: 	4686
Iteration: 	91 / 100
Confirmed: 	183
Tentative: 	131
Rejected: 	4686
Iteration: 	92 / 100
Confirmed: 	183
Tentative: 	131
Rejected: 	4686
Iteration: 	93 / 100
Confirmed: 	183
Tentative: 	130
Rejected: 	4687
Iteration: 	94 / 100
Confirmed: 	183
Tentative: 	130
Rejected: 	4687
Iteration: 	95 / 100
Confirmed: 	183
Tentative: 	129
Rejected: 	4688
Iteration: 	96 / 100
Confirmed: 	183
Tentative: 	129
Rejected: 	4688
Iteration: 	97 / 100
Confirmed: 	183
Tentative: 	129
Rejected: 	4688
Iteration: 	98 / 100
Confirmed: 	183
Tentative: 	125
Rejected: 	4692
Iteration: 	99 / 100
Confirmed: 	183
Tentative: 	125
Rejected: 	4692


BorutaPy finished running.

Iteration: 	100 / 100
Confirmed: 	183
Tentative: 	44
Rejected: 	4773
Iteration: 	1 / 100
Confirmed: 	0
Tentative: 	20531
Rejected: 	0
Iteration: 	2 / 100
Confirmed: 	0
Tentative: 	20531
Rejected: 	0
Iteration: 	3 / 100
Confirmed: 	0
Tentative: 	20531
Rejected: 	0
Iteration: 	4 / 100
Confirmed: 	0
Tentative: 	20531
Rejected: 	0
Iteration: 	5 / 100
Confirmed: 	0
Tentative: 	20531
Rejected: 	0
Iteration: 	6 / 100
Confirmed: 	0
Tentative: 	20531
Rejected: 	0
Iteration: 	7 / 100
Confirmed: 	0
Tentative: 	20531
Rejected: 	0
Iteration: 	8 / 100
Confirmed: 	0
Tentative: 	1270
Rejected: 	19261
Iteration: 	9 / 100
Confirmed: 	173
Tentative: 	1097
Rejected: 	19261
Iteration: 	10 / 100
Confirmed: 	173
Tentative: 	1097
Rejected: 	19261
Iteration: 	11 / 100
Confirmed: 	173
Tentative: 	1097
Rejected: 	19261
Iteration: 	12 / 100
Confirmed: 	184
Tentative: 	767
Rejected: 	19580
Iteration: 	13 / 100
Confirmed: 	184
Tentative: 	767
Rejected: 	19580
Iteration: 	14 / 100
Confirmed: 	184
Tentative: 	767
Rejected: 	19580
Iteration: 	15 / 100
Confirmed: 	184
Tentative: 	767
Rejected: 	19580
Iteration: 	16 / 100
Confirmed: 	184
Tentative: 	591
Rejected: 	19756
Iteration: 	17 / 100
Confirmed: 	184
Tentative: 	591
Rejected: 	19756
Iteration: 	18 / 100
Confirmed: 	184
Tentative: 	591
Rejected: 	19756
Iteration: 	19 / 100
Confirmed: 	187
Tentative: 	482
Rejected: 	19862
Iteration: 	20 / 100
Confirmed: 	187
Tentative: 	482
Rejected: 	19862
Iteration: 	21 / 100
Confirmed: 	187
Tentative: 	482
Rejected: 	19862
Iteration: 	22 / 100
Confirmed: 	187
Tentative: 	398
Rejected: 	19946
Iteration: 	23 / 100
Confirmed: 	187
Tentative: 	398
Rejected: 	19946
Iteration: 	24 / 100
Confirmed: 	187
Tentative: 	398
Rejected: 	19946
Iteration: 	25 / 100
Confirmed: 	187
Tentative: 	398
Rejected: 	19946
Iteration: 	26 / 100
Confirmed: 	187
Tentative: 	323
Rejected: 	20021
Iteration: 	27 / 100
Confirmed: 	187
Tentative: 	323
Rejected: 	20021
Iteration: 	28 / 100
Confirmed: 	187
Tentative: 	323
Rejected: 	20021
Iteration: 	29 / 100
Confirmed: 	187
Tentative: 	248
Rejected: 	20096
Iteration: 	30 / 100
Confirmed: 	187
Tentative: 	248
Rejected: 	20096
Iteration: 	31 / 100
Confirmed: 	187
Tentative: 	248
Rejected: 	20096
Iteration: 	32 / 100
Confirmed: 	187
Tentative: 	193
Rejected: 	20151
Iteration: 	33 / 100
Confirmed: 	187
Tentative: 	193
Rejected: 	20151
Iteration: 	34 / 100
Confirmed: 	187
Tentative: 	133
Rejected: 	20211
Iteration: 	35 / 100
Confirmed: 	187
Tentative: 	133
Rejected: 	20211
Iteration: 	36 / 100
Confirmed: 	187
Tentative: 	133
Rejected: 	20211
Iteration: 	37 / 100
Confirmed: 	187
Tentative: 	103
Rejected: 	20241
Iteration: 	38 / 100
Confirmed: 	187
Tentative: 	103
Rejected: 	20241
Iteration: 	39 / 100
Confirmed: 	187
Tentative: 	103
Rejected: 	20241
Iteration: 	40 / 100
Confirmed: 	187
Tentative: 	78
Rejected: 	20266
Iteration: 	41 / 100
Confirmed: 	187
Tentative: 	78
Rejected: 	20266
Iteration: 	42 / 100
Confirmed: 	187
Tentative: 	78
Rejected: 	20266
Iteration: 	43 / 100
Confirmed: 	187
Tentative: 	66
Rejected: 	20278
Iteration: 	44 / 100
Confirmed: 	187
Tentative: 	66
Rejected: 	20278
Iteration: 	45 / 100
Confirmed: 	187
Tentative: 	66
Rejected: 	20278
Iteration: 	46 / 100
Confirmed: 	187
Tentative: 	47
Rejected: 	20297
Iteration: 	47 / 100
Confirmed: 	187
Tentative: 	47
Rejected: 	20297
Iteration: 	48 / 100
Confirmed: 	187
Tentative: 	47
Rejected: 	20297
Iteration: 	49 / 100
Confirmed: 	187
Tentative: 	39
Rejected: 	20305
Iteration: 	50 / 100
Confirmed: 	187
Tentative: 	39
Rejected: 	20305
Iteration: 	51 / 100
Confirmed: 	187
Tentative: 	31
Rejected: 	20313
Iteration: 	52 / 100
Confirmed: 	187
Tentative: 	31
Rejected: 	20313
Iteration: 	53 / 100
Confirmed: 	187
Tentative: 	31
Rejected: 	20313
Iteration: 	54 / 100
Confirmed: 	187
Tentative: 	23
Rejected: 	20321
Iteration: 	55 / 100
Confirmed: 	187
Tentative: 	23
Rejected: 	20321
Iteration: 	56 / 100
Confirmed: 	187
Tentative: 	23
Rejected: 	20321
Iteration: 	57 / 100
Confirmed: 	187
Tentative: 	23
Rejected: 	20321
Iteration: 	58 / 100
Confirmed: 	187
Tentative: 	23
Rejected: 	20321
Iteration: 	59 / 100
Confirmed: 	187
Tentative: 	22
Rejected: 	20322
Iteration: 	60 / 100
Confirmed: 	187
Tentative: 	22
Rejected: 	20322
Iteration: 	61 / 100
Confirmed: 	187
Tentative: 	22
Rejected: 	20322
Iteration: 	62 / 100
Confirmed: 	187
Tentative: 	19
Rejected: 	20325
Iteration: 	63 / 100
Confirmed: 	187
Tentative: 	19
Rejected: 	20325
Iteration: 	64 / 100
Confirmed: 	187
Tentative: 	19
Rejected: 	20325
Iteration: 	65 / 100
Confirmed: 	187
Tentative: 	18
Rejected: 	20326
Iteration: 	66 / 100
Confirmed: 	187
Tentative: 	18
Rejected: 	20326
Iteration: 	67 / 100
Confirmed: 	187
Tentative: 	16
Rejected: 	20328
Iteration: 	68 / 100
Confirmed: 	187
Tentative: 	16
Rejected: 	20328
Iteration: 	69 / 100
Confirmed: 	187
Tentative: 	16
Rejected: 	20328
Iteration: 	70 / 100
Confirmed: 	187
Tentative: 	16
Rejected: 	20328
Iteration: 	71 / 100
Confirmed: 	187
Tentative: 	16
Rejected: 	20328
Iteration: 	72 / 100
Confirmed: 	187
Tentative: 	13
Rejected: 	20331
Iteration: 	73 / 100
Confirmed: 	187
Tentative: 	13
Rejected: 	20331
Iteration: 	74 / 100
Confirmed: 	187
Tentative: 	13
Rejected: 	20331
Iteration: 	75 / 100
Confirmed: 	187
Tentative: 	12
Rejected: 	20332
Iteration: 	76 / 100
Confirmed: 	187
Tentative: 	12
Rejected: 	20332
Iteration: 	77 / 100
Confirmed: 	187
Tentative: 	10
Rejected: 	20334
Iteration: 	78 / 100
Confirmed: 	187
Tentative: 	10
Rejected: 	20334
Iteration: 	79 / 100
Confirmed: 	187
Tentative: 	10
Rejected: 	20334
Iteration: 	80 / 100
Confirmed: 	187
Tentative: 	10
Rejected: 	20334
Iteration: 	81 / 100
Confirmed: 	187
Tentative: 	10
Rejected: 	20334
Iteration: 	82 / 100
Confirmed: 	187
Tentative: 	10
Rejected: 	20334
Iteration: 	83 / 100
Confirmed: 	187
Tentative: 	10
Rejected: 	20334
Iteration: 	84 / 100
Confirmed: 	187
Tentative: 	10
Rejected: 	20334
Iteration: 	85 / 100
Confirmed: 	187
Tentative: 	10
Rejected: 	20334
Iteration: 	86 / 100
Confirmed: 	187
Tentative: 	10
Rejected: 	20334
Iteration: 	87 / 100
Confirmed: 	187
Tentative: 	10
Rejected: 	20334
Iteration: 	88 / 100
Confirmed: 	187
Tentative: 	10
Rejected: 	20334
Iteration: 	89 / 100
Confirmed: 	187
Tentative: 	10
Rejected: 	20334
Iteration: 	90 / 100
Confirmed: 	187
Tentative: 	10
Rejected: 	20334
Iteration: 	91 / 100
Confirmed: 	187
Tentative: 	10
Rejected: 	20334
Iteration: 	92 / 100
Confirmed: 	187
Tentative: 	10
Rejected: 	20334
Iteration: 	93 / 100
Confirmed: 	187
Tentative: 	10
Rejected: 	20334
Iteration: 	94 / 100
Confirmed: 	187
Tentative: 	10
Rejected: 	20334
Iteration: 	95 / 100
Confirmed: 	187
Tentative: 	8
Rejected: 	20336
Iteration: 	96 / 100
Confirmed: 	187
Tentative: 	8
Rejected: 	20336
Iteration: 	97 / 100
Confirmed: 	187
Tentative: 	8
Rejected: 	20336
Iteration: 	98 / 100
Confirmed: 	187
Tentative: 	8
Rejected: 	20336
Iteration: 	99 / 100
Confirmed: 	187
Tentative: 	8
Rejected: 	20336


BorutaPy finished running.

Iteration: 	100 / 100
Confirmed: 	187
Tentative: 	1
Rejected: 	20343
Epoch [100/10000], Loss: 0.0209
Epoch [200/10000], Loss: 0.0093
Epoch [300/10000], Loss: 0.0055
Epoch [400/10000], Loss: 0.0038
Epoch [500/10000], Loss: 0.0028
Epoch [600/10000], Loss: 0.0022
Epoch [700/10000], Loss: 0.0018
Epoch [800/10000], Loss: 0.0015
Epoch [900/10000], Loss: 0.0013
Epoch [1000/10000], Loss: 0.0011
Epoch [1100/10000], Loss: 0.0010
Epoch [1200/10000], Loss: 0.0009
Epoch [1300/10000], Loss: 0.0008
Epoch [1400/10000], Loss: 0.0007
Epoch [1500/10000], Loss: 0.0007
Epoch [1600/10000], Loss: 0.0006
Epoch [1700/10000], Loss: 0.0006
Epoch [1800/10000], Loss: 0.0005
Epoch [1900/10000], Loss: 0.0005
Epoch [2000/10000], Loss: 0.0005
Epoch [2100/10000], Loss: 0.0004
Epoch [2200/10000], Loss: 0.0004
Epoch [2300/10000], Loss: 0.0004
Epoch [2400/10000], Loss: 0.0004
Epoch [2500/10000], Loss: 0.0004
Epoch [2600/10000], Loss: 0.0003
Epoch [2700/10000], Loss: 0.0003
Epoch [2800/10000], Loss: 0.0003
Epoch [2900/10000], Loss: 0.0003
Epoch [3000/10000], Loss: 0.0003
Epoch [3100/10000], Loss: 0.0003
Epoch [3200/10000], Loss: 0.0003
Epoch [3300/10000], Loss: 0.0003
Epoch [3400/10000], Loss: 0.0002
Epoch [3500/10000], Loss: 0.0002
Epoch [3600/10000], Loss: 0.0002
Epoch [3700/10000], Loss: 0.0002
Epoch [3800/10000], Loss: 0.0002
Epoch [3900/10000], Loss: 0.0002
Epoch [4000/10000], Loss: 0.0002
Epoch [4100/10000], Loss: 0.0002
Epoch [4200/10000], Loss: 0.0002
Epoch [4300/10000], Loss: 0.0002
Epoch [4400/10000], Loss: 0.0002
Epoch [4500/10000], Loss: 0.0002
Epoch [4600/10000], Loss: 0.0002
Epoch [4700/10000], Loss: 0.0002
Epoch [4800/10000], Loss: 0.0002
Epoch [4900/10000], Loss: 0.0002
Epoch [5000/10000], Loss: 0.0002
Epoch [5100/10000], Loss: 0.0002
Epoch [5200/10000], Loss: 0.0001
Epoch [5300/10000], Loss: 0.0001
Epoch [5400/10000], Loss: 0.0001
Epoch [5500/10000], Loss: 0.0001
Epoch [5600/10000], Loss: 0.0001
Epoch [5700/10000], Loss: 0.0001
Epoch [5800/10000], Loss: 0.0001
Epoch [5900/10000], Loss: 0.0001
Epoch [6000/10000], Loss: 0.0001
Epoch [6100/10000], Loss: 0.0001
Epoch [6200/10000], Loss: 0.0001
Epoch [6300/10000], Loss: 0.0001
Epoch [6400/10000], Loss: 0.0001
Epoch [6500/10000], Loss: 0.0001
Epoch [6600/10000], Loss: 0.0001
Epoch [6700/10000], Loss: 0.0001
Epoch [6800/10000], Loss: 0.0001
Epoch [6900/10000], Loss: 0.0001
Epoch [7000/10000], Loss: 0.0001
Epoch [7100/10000], Loss: 0.0001
Epoch [7200/10000], Loss: 0.0001
Epoch [7300/10000], Loss: 0.0001
Epoch [7400/10000], Loss: 0.0001
Epoch [7500/10000], Loss: 0.0001
Epoch [7600/10000], Loss: 0.0001
Epoch [7700/10000], Loss: 0.0001
Epoch [7800/10000], Loss: 0.0001
Epoch [7900/10000], Loss: 0.0001
Epoch [8000/10000], Loss: 0.0001
Epoch [8100/10000], Loss: 0.0001
Epoch [8200/10000], Loss: 0.0001
Epoch [8300/10000], Loss: 0.0001
Epoch [8400/10000], Loss: 0.0001
Epoch [8500/10000], Loss: 0.0001
Epoch [8600/10000], Loss: 0.0001
Epoch [8700/10000], Loss: 0.0001
Epoch [8800/10000], Loss: 0.0001
Epoch [8900/10000], Loss: 0.0001
Epoch [9000/10000], Loss: 0.0001
Epoch [9100/10000], Loss: 0.0001
Epoch [9200/10000], Loss: 0.0001
Epoch [9300/10000], Loss: 0.0001
Epoch [9400/10000], Loss: 0.0001
Epoch [9500/10000], Loss: 0.0001
Epoch [9600/10000], Loss: 0.0001
Epoch [9700/10000], Loss: 0.0001
Epoch [9800/10000], Loss: 0.0001
Epoch [9900/10000], Loss: 0.0001
Epoch [10000/10000], Loss: 0.0001
Epoch [100/10000], Loss: 0.0098
Epoch [200/10000], Loss: 0.0045
Epoch [300/10000], Loss: 0.0028
Epoch [400/10000], Loss: 0.0020
Epoch [500/10000], Loss: 0.0016
Epoch [600/10000], Loss: 0.0013
Epoch [700/10000], Loss: 0.0011
Epoch [800/10000], Loss: 0.0009
Epoch [900/10000], Loss: 0.0008
Epoch [1000/10000], Loss: 0.0007
Epoch [1100/10000], Loss: 0.0006
Epoch [1200/10000], Loss: 0.0006
Epoch [1300/10000], Loss: 0.0005
Epoch [1400/10000], Loss: 0.0005
Epoch [1500/10000], Loss: 0.0004
Epoch [1600/10000], Loss: 0.0004
Epoch [1700/10000], Loss: 0.0004
Epoch [1800/10000], Loss: 0.0004
Epoch [1900/10000], Loss: 0.0003
Epoch [2000/10000], Loss: 0.0003
Epoch [2100/10000], Loss: 0.0003
Epoch [2200/10000], Loss: 0.0003
Epoch [2300/10000], Loss: 0.0003
Epoch [2400/10000], Loss: 0.0003
Epoch [2500/10000], Loss: 0.0002
Epoch [2600/10000], Loss: 0.0002
Epoch [2700/10000], Loss: 0.0002
Epoch [2800/10000], Loss: 0.0002
Epoch [2900/10000], Loss: 0.0002
Epoch [3000/10000], Loss: 0.0002
Epoch [3100/10000], Loss: 0.0002
Epoch [3200/10000], Loss: 0.0002
Epoch [3300/10000], Loss: 0.0002
Epoch [3400/10000], Loss: 0.0002
Epoch [3500/10000], Loss: 0.0002
Epoch [3600/10000], Loss: 0.0002
Epoch [3700/10000], Loss: 0.0002
Epoch [3800/10000], Loss: 0.0001
Epoch [3900/10000], Loss: 0.0001
Epoch [4000/10000], Loss: 0.0001
Epoch [4100/10000], Loss: 0.0001
Epoch [4200/10000], Loss: 0.0001
Epoch [4300/10000], Loss: 0.0001
Epoch [4400/10000], Loss: 0.0001
Epoch [4500/10000], Loss: 0.0001
Epoch [4600/10000], Loss: 0.0001
Epoch [4700/10000], Loss: 0.0001
Epoch [4800/10000], Loss: 0.0001
Epoch [4900/10000], Loss: 0.0001
Epoch [5000/10000], Loss: 0.0001
Epoch [5100/10000], Loss: 0.0001
Epoch [5200/10000], Loss: 0.0001
Epoch [5300/10000], Loss: 0.0001
Epoch [5400/10000], Loss: 0.0001
Epoch [5500/10000], Loss: 0.0001
Epoch [5600/10000], Loss: 0.0001
Epoch [5700/10000], Loss: 0.0001
Epoch [5800/10000], Loss: 0.0001
Epoch [5900/10000], Loss: 0.0001
Epoch [6000/10000], Loss: 0.0001
Epoch [6100/10000], Loss: 0.0001
Epoch [6200/10000], Loss: 0.0001
Epoch [6300/10000], Loss: 0.0001
Epoch [6400/10000], Loss: 0.0001
Epoch [6500/10000], Loss: 0.0001
Epoch [6600/10000], Loss: 0.0001
Epoch [6700/10000], Loss: 0.0001
Epoch [6800/10000], Loss: 0.0001
Epoch [6900/10000], Loss: 0.0001
Epoch [7000/10000], Loss: 0.0001
Epoch [7100/10000], Loss: 0.0001
Epoch [7200/10000], Loss: 0.0001
Epoch [7300/10000], Loss: 0.0001
Epoch [7400/10000], Loss: 0.0001
Epoch [7500/10000], Loss: 0.0001
Epoch [7600/10000], Loss: 0.0001
Epoch [7700/10000], Loss: 0.0001
Epoch [7800/10000], Loss: 0.0001
Epoch [7900/10000], Loss: 0.0001
Epoch [8000/10000], Loss: 0.0001
Epoch [8100/10000], Loss: 0.0001
Epoch [8200/10000], Loss: 0.0001
Epoch [8300/10000], Loss: 0.0001
Epoch [8400/10000], Loss: 0.0001
Epoch [8500/10000], Loss: 0.0001
Epoch [8600/10000], Loss: 0.0001
Epoch [8700/10000], Loss: 0.0001
Epoch [8800/10000], Loss: 0.0001
Epoch [8900/10000], Loss: 0.0001
Epoch [9000/10000], Loss: 0.0001
Epoch [9100/10000], Loss: 0.0001
Epoch [9200/10000], Loss: 0.0001
Epoch [9300/10000], Loss: 0.0001
Epoch [9400/10000], Loss: 0.0001
Epoch [9500/10000], Loss: 0.0001
Epoch [9600/10000], Loss: 0.0001
Epoch [9700/10000], Loss: 0.0001
Epoch [9800/10000], Loss: 0.0001
Epoch [9900/10000], Loss: 0.0000
Epoch [10000/10000], Loss: 0.0000
Number of features selected in DNA-methylation data: 183
Accuracy of Random Forest Model on DNA-methylation Data: (1.0,)
Classification report on RF on DNA methylation data: 
               precision    recall  f1-score   support

           0       1.00      1.00      1.00       101
           1       1.00      1.00      1.00        57

    accuracy                           1.00       158
   macro avg       1.00      1.00      1.00       158
weighted avg       1.00      1.00      1.00       158

Accuracy of Neural Network Model on DNA methylation Data: 0.9936708860759493


Number of features selected in Gene-expression data: 187
Accuracy of Random Forest Model on Gene-expression Data: (0.9949748743718593,)
Classification report on RF on Gene-expression Data:               precision    recall  f1-score   support

           0       0.99      1.00      1.00       176
           1       1.00      0.96      0.98        23

    accuracy                           0.99       199
   macro avg       1.00      0.98      0.99       199
weighted avg       1.00      0.99      0.99       199

Accuracy of Neural Network Model on Gene-expression data: 1.0
Plot for DNA-methylation Data
Plot for Gene-expression data
Accuracy of RF model on unknown DNA-methylation Data: 0.6
Classification Report of RF on unknown DNA-meth Data: 
               precision    recall  f1-score   support

           0       0.56      1.00      0.71       190
           1       1.00      0.20      0.33       190

    accuracy                           0.60       380
   macro avg       0.78      0.60      0.52       380
weighted avg       0.78      0.60      0.52       380

Accuracy of NNM on unknown DNA-methylation Data: 0.6
Accuracy of RF model on unknown Gene Expression Data: 0.5973684210526315
Classification Report of RF on unknown Gene Expression Data: 
               precision    recall  f1-score   support

           0       0.55      1.00      0.71       190
           1       1.00      0.19      0.33       190

    accuracy                           0.60       380
   macro avg       0.78      0.60      0.52       380
weighted avg       0.78      0.60      0.52       380

Accuracy of NNM on unknown Gene Expression Data: 
 0.6947368421052632
Plot for Unknown DNA-methylation Data
Plot for unknown Gene expression Data
